[0.446s] DEBUG:colcon:Command line arguments: ['/usr/bin/colcon', 'build']
[0.447s] DEBUG:colcon:Parsed command line arguments: Namespace(log_base=None, log_level=None, verb_name='build', build_base='build', install_base='install', merge_install=False, symlink_install=False, test_result_base=None, continue_on_error=False, executor='parallel', parallel_workers=4, event_handlers=None, ignore_user_meta=False, metas=['./colcon.meta'], base_paths=['.'], packages_ignore=None, packages_ignore_regex=None, paths=None, packages_up_to=None, packages_up_to_regex=None, packages_above=None, packages_above_and_dependencies=None, packages_above_depth=None, packages_select_by_dep=None, packages_skip_by_dep=None, packages_skip_up_to=None, packages_select_build_failed=False, packages_skip_build_finished=False, packages_select_test_failures=False, packages_skip_test_passed=False, packages_select=None, packages_skip=None, packages_select_regex=None, packages_skip_regex=None, packages_start=None, packages_end=None, allow_overriding=[], cmake_args=None, cmake_target=None, cmake_target_skip_unavailable=False, cmake_clean_cache=False, cmake_clean_first=False, cmake_force_configure=False, ament_cmake_args=None, catkin_cmake_args=None, catkin_skip_building_tests=False, verb_parser=<colcon_defaults.argument_parser.defaults.DefaultArgumentsDecorator object at 0xffff8fdf0dc0>, verb_extension=<colcon_core.verb.build.BuildVerb object at 0xffff8ff31990>, main=<bound method BuildVerb.main of <colcon_core.verb.build.BuildVerb object at 0xffff8ff31990>>)
[1.291s] Level 1:colcon.colcon_core.package_discovery:discover_packages(colcon_meta) check parameters
[1.291s] Level 1:colcon.colcon_core.package_discovery:discover_packages(recursive) check parameters
[1.292s] Level 1:colcon.colcon_core.package_discovery:discover_packages(ignore) check parameters
[1.292s] Level 1:colcon.colcon_core.package_discovery:discover_packages(path) check parameters
[1.292s] Level 1:colcon.colcon_core.package_discovery:discover_packages(colcon_meta) discover
[1.292s] Level 1:colcon.colcon_core.package_discovery:discover_packages(recursive) discover
[1.293s] INFO:colcon.colcon_core.package_discovery:Crawling recursively for packages in '/home/pi/other_ws/ws1/ros2_mongodb_bridge'
[1.293s] Level 1:colcon.colcon_core.package_identification:_identify(.) by extensions ['ignore', 'ignore_ament_install']
[1.294s] Level 1:colcon.colcon_core.package_identification:_identify(.) by extension 'ignore'
[1.294s] Level 1:colcon.colcon_core.package_identification:_identify(.) by extension 'ignore_ament_install'
[1.295s] Level 1:colcon.colcon_core.package_identification:_identify(.) by extensions ['colcon_pkg']
[1.295s] Level 1:colcon.colcon_core.package_identification:_identify(.) by extension 'colcon_pkg'
[1.295s] Level 1:colcon.colcon_core.package_identification:_identify(.) by extensions ['colcon_meta']
[1.296s] Level 1:colcon.colcon_core.package_identification:_identify(.) by extension 'colcon_meta'
[1.296s] Level 1:colcon.colcon_core.package_identification:_identify(.) by extensions ['ros']
[1.296s] Level 1:colcon.colcon_core.package_identification:_identify(.) by extension 'ros'
[1.343s] Level 1:colcon.colcon_core.package_identification:_identify(.) by extensions ['cmake', 'python']
[1.343s] Level 1:colcon.colcon_core.package_identification:_identify(.) by extension 'cmake'
[1.344s] Level 1:colcon.colcon_core.package_identification:_identify(.) by extension 'python'
[1.344s] Level 1:colcon.colcon_core.package_identification:_identify(.) by extensions ['python_setup_py']
[1.344s] Level 1:colcon.colcon_core.package_identification:_identify(.) by extension 'python_setup_py'
[1.345s] Level 1:colcon.colcon_core.package_identification:_identify(build) by extensions ['ignore', 'ignore_ament_install']
[1.345s] Level 1:colcon.colcon_core.package_identification:_identify(build) by extension 'ignore'
[1.346s] Level 1:colcon.colcon_core.package_identification:_identify(build) ignored
[1.346s] Level 1:colcon.colcon_core.package_identification:_identify(install) by extensions ['ignore', 'ignore_ament_install']
[1.347s] Level 1:colcon.colcon_core.package_identification:_identify(install) by extension 'ignore'
[1.347s] Level 1:colcon.colcon_core.package_identification:_identify(install) ignored
[1.348s] Level 1:colcon.colcon_core.package_identification:_identify(log) by extensions ['ignore', 'ignore_ament_install']
[1.349s] Level 1:colcon.colcon_core.package_identification:_identify(log) by extension 'ignore'
[1.349s] Level 1:colcon.colcon_core.package_identification:_identify(log) ignored
[1.350s] Level 1:colcon.colcon_core.package_identification:_identify(src) by extensions ['ignore', 'ignore_ament_install']
[1.350s] Level 1:colcon.colcon_core.package_identification:_identify(src) by extension 'ignore'
[1.351s] Level 1:colcon.colcon_core.package_identification:_identify(src) by extension 'ignore_ament_install'
[1.351s] Level 1:colcon.colcon_core.package_identification:_identify(src) by extensions ['colcon_pkg']
[1.351s] Level 1:colcon.colcon_core.package_identification:_identify(src) by extension 'colcon_pkg'
[1.351s] Level 1:colcon.colcon_core.package_identification:_identify(src) by extensions ['colcon_meta']
[1.352s] Level 1:colcon.colcon_core.package_identification:_identify(src) by extension 'colcon_meta'
[1.352s] Level 1:colcon.colcon_core.package_identification:_identify(src) by extensions ['ros']
[1.352s] Level 1:colcon.colcon_core.package_identification:_identify(src) by extension 'ros'
[1.353s] Level 1:colcon.colcon_core.package_identification:_identify(src) by extensions ['cmake', 'python']
[1.353s] Level 1:colcon.colcon_core.package_identification:_identify(src) by extension 'cmake'
[1.353s] Level 1:colcon.colcon_core.package_identification:_identify(src) by extension 'python'
[1.353s] Level 1:colcon.colcon_core.package_identification:_identify(src) by extensions ['python_setup_py']
[1.353s] Level 1:colcon.colcon_core.package_identification:_identify(src) by extension 'python_setup_py'
[1.354s] Level 1:colcon.colcon_core.package_identification:_identify(src/ros2_mongodb_subscriber) by extensions ['ignore', 'ignore_ament_install']
[1.355s] Level 1:colcon.colcon_core.package_identification:_identify(src/ros2_mongodb_subscriber) by extension 'ignore'
[1.355s] Level 1:colcon.colcon_core.package_identification:_identify(src/ros2_mongodb_subscriber) by extension 'ignore_ament_install'
[1.355s] Level 1:colcon.colcon_core.package_identification:_identify(src/ros2_mongodb_subscriber) by extensions ['colcon_pkg']
[1.356s] Level 1:colcon.colcon_core.package_identification:_identify(src/ros2_mongodb_subscriber) by extension 'colcon_pkg'
[1.356s] Level 1:colcon.colcon_core.package_identification:_identify(src/ros2_mongodb_subscriber) by extensions ['colcon_meta']
[1.356s] Level 1:colcon.colcon_core.package_identification:_identify(src/ros2_mongodb_subscriber) by extension 'colcon_meta'
[1.356s] Level 1:colcon.colcon_core.package_identification:_identify(src/ros2_mongodb_subscriber) by extensions ['ros']
[1.356s] Level 1:colcon.colcon_core.package_identification:_identify(src/ros2_mongodb_subscriber) by extension 'ros'
[1.365s] DEBUG:colcon.colcon_core.package_identification:Package 'src/ros2_mongodb_subscriber' with type 'ros.ament_python' and name 'ros2_mongodb_subscriber'
[1.365s] Level 1:colcon.colcon_core.package_discovery:discover_packages(recursive) using defaults
[1.365s] Level 1:colcon.colcon_core.package_discovery:discover_packages(ignore) discover
[1.366s] Level 1:colcon.colcon_core.package_discovery:discover_packages(ignore) using defaults
[1.366s] Level 1:colcon.colcon_core.package_discovery:discover_packages(path) discover
[1.366s] Level 1:colcon.colcon_core.package_discovery:discover_packages(path) using defaults
[1.443s] Level 1:colcon.colcon_core.package_discovery:discover_packages(prefix_path) check parameters
[1.443s] Level 1:colcon.colcon_core.package_discovery:discover_packages(prefix_path) discover
[1.451s] DEBUG:colcon.colcon_installed_package_information.package_discovery:Found 1 installed packages in /home/pi/other_ws/ws1/ros2_mongodb_bridge/install
[1.460s] DEBUG:colcon.colcon_installed_package_information.package_discovery:Found 270 installed packages in /opt/ros/humble
[1.509s] Level 1:colcon.colcon_core.package_discovery:discover_packages(prefix_path) using defaults
[1.675s] Level 5:colcon.colcon_core.verb:set package 'ros2_mongodb_subscriber' build argument 'cmake_args' from command line to 'None'
[1.675s] Level 5:colcon.colcon_core.verb:set package 'ros2_mongodb_subscriber' build argument 'cmake_target' from command line to 'None'
[1.675s] Level 5:colcon.colcon_core.verb:set package 'ros2_mongodb_subscriber' build argument 'cmake_target_skip_unavailable' from command line to 'False'
[1.675s] Level 5:colcon.colcon_core.verb:set package 'ros2_mongodb_subscriber' build argument 'cmake_clean_cache' from command line to 'False'
[1.675s] Level 5:colcon.colcon_core.verb:set package 'ros2_mongodb_subscriber' build argument 'cmake_clean_first' from command line to 'False'
[1.675s] Level 5:colcon.colcon_core.verb:set package 'ros2_mongodb_subscriber' build argument 'cmake_force_configure' from command line to 'False'
[1.676s] Level 5:colcon.colcon_core.verb:set package 'ros2_mongodb_subscriber' build argument 'ament_cmake_args' from command line to 'None'
[1.676s] Level 5:colcon.colcon_core.verb:set package 'ros2_mongodb_subscriber' build argument 'catkin_cmake_args' from command line to 'None'
[1.676s] Level 5:colcon.colcon_core.verb:set package 'ros2_mongodb_subscriber' build argument 'catkin_skip_building_tests' from command line to 'False'
[1.676s] DEBUG:colcon.colcon_core.verb:Building package 'ros2_mongodb_subscriber' with the following arguments: {'ament_cmake_args': None, 'build_base': '/home/pi/other_ws/ws1/ros2_mongodb_bridge/build/ros2_mongodb_subscriber', 'catkin_cmake_args': None, 'catkin_skip_building_tests': False, 'cmake_args': None, 'cmake_clean_cache': False, 'cmake_clean_first': False, 'cmake_force_configure': False, 'cmake_target': None, 'cmake_target_skip_unavailable': False, 'install_base': '/home/pi/other_ws/ws1/ros2_mongodb_bridge/install/ros2_mongodb_subscriber', 'merge_install': False, 'path': '/home/pi/other_ws/ws1/ros2_mongodb_bridge/src/ros2_mongodb_subscriber', 'symlink_install': False, 'test_result_base': None}
[1.677s] INFO:colcon.colcon_core.executor:Executing jobs using 'parallel' executor
[1.680s] DEBUG:colcon.colcon_parallel_executor.executor.parallel:run_until_complete
[1.681s] INFO:colcon.colcon_ros.task.ament_python.build:Building ROS package in '/home/pi/other_ws/ws1/ros2_mongodb_bridge/src/ros2_mongodb_subscriber' with build type 'ament_python'
[1.682s] Level 1:colcon.colcon_core.shell:create_environment_hook('ros2_mongodb_subscriber', 'ament_prefix_path')
[1.692s] INFO:colcon.colcon_core.plugin_system:Skipping extension 'colcon_core.shell.bat': Not used on non-Windows systems
[1.693s] INFO:colcon.colcon_core.shell:Creating environment hook '/home/pi/other_ws/ws1/ros2_mongodb_bridge/install/ros2_mongodb_subscriber/share/ros2_mongodb_subscriber/hook/ament_prefix_path.ps1'
[1.696s] INFO:colcon.colcon_core.shell:Creating environment descriptor '/home/pi/other_ws/ws1/ros2_mongodb_bridge/install/ros2_mongodb_subscriber/share/ros2_mongodb_subscriber/hook/ament_prefix_path.dsv'
[1.699s] INFO:colcon.colcon_core.shell:Creating environment hook '/home/pi/other_ws/ws1/ros2_mongodb_bridge/install/ros2_mongodb_subscriber/share/ros2_mongodb_subscriber/hook/ament_prefix_path.sh'
[1.703s] INFO:colcon.colcon_core.shell:Skip shell extension 'powershell' for command environment: Not usable outside of PowerShell
[1.703s] DEBUG:colcon.colcon_core.shell:Skip shell extension 'dsv' for command environment
[2.995s] INFO:colcon.colcon_core.task.python.build:Building Python package in '/home/pi/other_ws/ws1/ros2_mongodb_bridge/src/ros2_mongodb_subscriber'
[2.996s] INFO:colcon.colcon_core.shell:Skip shell extension 'powershell' for command environment: Not usable outside of PowerShell
[2.997s] DEBUG:colcon.colcon_core.shell:Skip shell extension 'dsv' for command environment
[4.740s] DEBUG:colcon.colcon_core.event_handler.log_command:Invoking command in '/home/pi/other_ws/ws1/ros2_mongodb_bridge/src/ros2_mongodb_subscriber': PYTHONPATH=/home/pi/other_ws/ws1/ros2_mongodb_bridge/build/ros2_mongodb_subscriber/prefix_override:/home/pi/other_ws/ws1/ros2_mongodb_bridge/install/ros2_mongodb_subscriber/lib/python3.10/site-packages:${PYTHONPATH} /usr/bin/python3 -W ignore:setup.py install is deprecated setup.py egg_info --egg-base ../../build/ros2_mongodb_subscriber build --build-base /home/pi/other_ws/ws1/ros2_mongodb_bridge/build/ros2_mongodb_subscriber/build install --record /home/pi/other_ws/ws1/ros2_mongodb_bridge/build/ros2_mongodb_subscriber/install.log --single-version-externally-managed install_data
[6.170s] DEBUG:colcon.colcon_core.event_handler.log_command:Invoked command in '/home/pi/other_ws/ws1/ros2_mongodb_bridge/src/ros2_mongodb_subscriber' returned '0': PYTHONPATH=/home/pi/other_ws/ws1/ros2_mongodb_bridge/build/ros2_mongodb_subscriber/prefix_override:/home/pi/other_ws/ws1/ros2_mongodb_bridge/install/ros2_mongodb_subscriber/lib/python3.10/site-packages:${PYTHONPATH} /usr/bin/python3 -W ignore:setup.py install is deprecated setup.py egg_info --egg-base ../../build/ros2_mongodb_subscriber build --build-base /home/pi/other_ws/ws1/ros2_mongodb_bridge/build/ros2_mongodb_subscriber/build install --record /home/pi/other_ws/ws1/ros2_mongodb_bridge/build/ros2_mongodb_subscriber/install.log --single-version-externally-managed install_data
[6.183s] Level 1:colcon.colcon_core.environment:checking '/home/pi/other_ws/ws1/ros2_mongodb_bridge/install/ros2_mongodb_subscriber' for CMake module files
[6.186s] Level 1:colcon.colcon_core.environment:checking '/home/pi/other_ws/ws1/ros2_mongodb_bridge/install/ros2_mongodb_subscriber' for CMake config files
[6.190s] Level 1:colcon.colcon_core.environment:checking '/home/pi/other_ws/ws1/ros2_mongodb_bridge/install/ros2_mongodb_subscriber/lib'
[6.192s] Level 1:colcon.colcon_core.environment:checking '/home/pi/other_ws/ws1/ros2_mongodb_bridge/install/ros2_mongodb_subscriber/bin'
[6.192s] Level 1:colcon.colcon_core.environment:checking '/home/pi/other_ws/ws1/ros2_mongodb_bridge/install/ros2_mongodb_subscriber/lib/pkgconfig/ros2_mongodb_subscriber.pc'
[6.193s] Level 1:colcon.colcon_core.environment:checking '/home/pi/other_ws/ws1/ros2_mongodb_bridge/install/ros2_mongodb_subscriber/lib/python3.10/site-packages'
[6.194s] Level 1:colcon.colcon_core.shell:create_environment_hook('ros2_mongodb_subscriber', 'pythonpath')
[6.195s] INFO:colcon.colcon_core.shell:Creating environment hook '/home/pi/other_ws/ws1/ros2_mongodb_bridge/install/ros2_mongodb_subscriber/share/ros2_mongodb_subscriber/hook/pythonpath.ps1'
[6.197s] INFO:colcon.colcon_core.shell:Creating environment descriptor '/home/pi/other_ws/ws1/ros2_mongodb_bridge/install/ros2_mongodb_subscriber/share/ros2_mongodb_subscriber/hook/pythonpath.dsv'
[6.199s] INFO:colcon.colcon_core.shell:Creating environment hook '/home/pi/other_ws/ws1/ros2_mongodb_bridge/install/ros2_mongodb_subscriber/share/ros2_mongodb_subscriber/hook/pythonpath.sh'
[6.202s] Level 1:colcon.colcon_core.environment:checking '/home/pi/other_ws/ws1/ros2_mongodb_bridge/install/ros2_mongodb_subscriber/bin'
[6.203s] Level 1:colcon.colcon_core.environment:create_environment_scripts_only(ros2_mongodb_subscriber)
[6.204s] INFO:colcon.colcon_core.shell:Creating package script '/home/pi/other_ws/ws1/ros2_mongodb_bridge/install/ros2_mongodb_subscriber/share/ros2_mongodb_subscriber/package.ps1'
[6.208s] INFO:colcon.colcon_core.shell:Creating package descriptor '/home/pi/other_ws/ws1/ros2_mongodb_bridge/install/ros2_mongodb_subscriber/share/ros2_mongodb_subscriber/package.dsv'
[6.211s] INFO:colcon.colcon_core.shell:Creating package script '/home/pi/other_ws/ws1/ros2_mongodb_bridge/install/ros2_mongodb_subscriber/share/ros2_mongodb_subscriber/package.sh'
[6.215s] INFO:colcon.colcon_core.shell:Creating package script '/home/pi/other_ws/ws1/ros2_mongodb_bridge/install/ros2_mongodb_subscriber/share/ros2_mongodb_subscriber/package.bash'
[6.219s] INFO:colcon.colcon_core.shell:Creating package script '/home/pi/other_ws/ws1/ros2_mongodb_bridge/install/ros2_mongodb_subscriber/share/ros2_mongodb_subscriber/package.zsh'
[6.222s] Level 1:colcon.colcon_core.environment:create_file_with_runtime_dependencies(/home/pi/other_ws/ws1/ros2_mongodb_bridge/install/ros2_mongodb_subscriber/share/colcon-core/packages/ros2_mongodb_subscriber)
[6.224s] DEBUG:colcon.colcon_parallel_executor.executor.parallel:closing loop
[6.227s] DEBUG:colcon.colcon_parallel_executor.executor.parallel:loop closed
[6.228s] DEBUG:colcon.colcon_parallel_executor.executor.parallel:run_until_complete finished with '0'
[6.228s] DEBUG:colcon.colcon_core.event_reactor:joining thread
[6.250s] INFO:colcon.colcon_core.plugin_system:Skipping extension 'colcon_notification.desktop_notification.notify_send': Could not find 'notify-send'
[6.250s] INFO:colcon.colcon_core.plugin_system:Skipping extension 'colcon_notification.desktop_notification.terminal_notifier': Not used on non-Darwin systems
[6.251s] INFO:colcon.colcon_core.plugin_system:Skipping extension 'colcon_notification.desktop_notification.win32': Not used on non-Windows systems
[6.251s] INFO:colcon.colcon_notification.desktop_notification:Sending desktop notification using 'notify2'
[6.254s] DEBUG:colcon.colcon_notification.desktop_notification.notify2:Failed to initialize notify2: org.freedesktop.DBus.Error.ServiceUnknown: The name org.freedesktop.Notifications was not provided by any .service files
[6.255s] DEBUG:colcon.colcon_core.event_reactor:joined thread
[6.256s] INFO:colcon.colcon_core.shell:Creating prefix script '/home/pi/other_ws/ws1/ros2_mongodb_bridge/install/local_setup.ps1'
[6.260s] INFO:colcon.colcon_core.shell:Creating prefix util module '/home/pi/other_ws/ws1/ros2_mongodb_bridge/install/_local_setup_util_ps1.py'
[6.267s] INFO:colcon.colcon_core.shell:Creating prefix chain script '/home/pi/other_ws/ws1/ros2_mongodb_bridge/install/setup.ps1'
[6.271s] INFO:colcon.colcon_core.shell:Creating prefix script '/home/pi/other_ws/ws1/ros2_mongodb_bridge/install/local_setup.sh'
[6.275s] INFO:colcon.colcon_core.shell:Creating prefix util module '/home/pi/other_ws/ws1/ros2_mongodb_bridge/install/_local_setup_util_sh.py'
[6.277s] INFO:colcon.colcon_core.shell:Creating prefix chain script '/home/pi/other_ws/ws1/ros2_mongodb_bridge/install/setup.sh'
[6.282s] INFO:colcon.colcon_core.shell:Creating prefix script '/home/pi/other_ws/ws1/ros2_mongodb_bridge/install/local_setup.bash'
[6.285s] INFO:colcon.colcon_core.shell:Creating prefix chain script '/home/pi/other_ws/ws1/ros2_mongodb_bridge/install/setup.bash'
[6.291s] INFO:colcon.colcon_core.shell:Creating prefix script '/home/pi/other_ws/ws1/ros2_mongodb_bridge/install/local_setup.zsh'
[6.294s] INFO:colcon.colcon_core.shell:Creating prefix chain script '/home/pi/other_ws/ws1/ros2_mongodb_bridge/install/setup.zsh'
