[0.443s] DEBUG:colcon:Command line arguments: ['/usr/bin/colcon', 'build']
[0.443s] DEBUG:colcon:Parsed command line arguments: Namespace(log_base=None, log_level=None, verb_name='build', build_base='build', install_base='install', merge_install=False, symlink_install=False, test_result_base=None, continue_on_error=False, executor='parallel', parallel_workers=4, event_handlers=None, ignore_user_meta=False, metas=['./colcon.meta'], base_paths=['.'], packages_ignore=None, packages_ignore_regex=None, paths=None, packages_up_to=None, packages_up_to_regex=None, packages_above=None, packages_above_and_dependencies=None, packages_above_depth=None, packages_select_by_dep=None, packages_skip_by_dep=None, packages_skip_up_to=None, packages_select_build_failed=False, packages_skip_build_finished=False, packages_select_test_failures=False, packages_skip_test_passed=False, packages_select=None, packages_skip=None, packages_select_regex=None, packages_skip_regex=None, packages_start=None, packages_end=None, allow_overriding=[], cmake_args=None, cmake_target=None, cmake_target_skip_unavailable=False, cmake_clean_cache=False, cmake_clean_first=False, cmake_force_configure=False, ament_cmake_args=None, catkin_cmake_args=None, catkin_skip_building_tests=False, verb_parser=<colcon_defaults.argument_parser.defaults.DefaultArgumentsDecorator object at 0xffff84e30dc0>, verb_extension=<colcon_core.verb.build.BuildVerb object at 0xffff84f71990>, main=<bound method BuildVerb.main of <colcon_core.verb.build.BuildVerb object at 0xffff84f71990>>)
[1.284s] Level 1:colcon.colcon_core.package_discovery:discover_packages(colcon_meta) check parameters
[1.285s] Level 1:colcon.colcon_core.package_discovery:discover_packages(recursive) check parameters
[1.285s] Level 1:colcon.colcon_core.package_discovery:discover_packages(ignore) check parameters
[1.285s] Level 1:colcon.colcon_core.package_discovery:discover_packages(path) check parameters
[1.286s] Level 1:colcon.colcon_core.package_discovery:discover_packages(colcon_meta) discover
[1.286s] Level 1:colcon.colcon_core.package_discovery:discover_packages(recursive) discover
[1.286s] INFO:colcon.colcon_core.package_discovery:Crawling recursively for packages in '/home/pi/other_ws/ws1/ros2_mongodb_bridge'
[1.287s] Level 1:colcon.colcon_core.package_identification:_identify(.) by extensions ['ignore', 'ignore_ament_install']
[1.287s] Level 1:colcon.colcon_core.package_identification:_identify(.) by extension 'ignore'
[1.288s] Level 1:colcon.colcon_core.package_identification:_identify(.) by extension 'ignore_ament_install'
[1.288s] Level 1:colcon.colcon_core.package_identification:_identify(.) by extensions ['colcon_pkg']
[1.288s] Level 1:colcon.colcon_core.package_identification:_identify(.) by extension 'colcon_pkg'
[1.288s] Level 1:colcon.colcon_core.package_identification:_identify(.) by extensions ['colcon_meta']
[1.289s] Level 1:colcon.colcon_core.package_identification:_identify(.) by extension 'colcon_meta'
[1.289s] Level 1:colcon.colcon_core.package_identification:_identify(.) by extensions ['ros']
[1.289s] Level 1:colcon.colcon_core.package_identification:_identify(.) by extension 'ros'
[1.337s] Level 1:colcon.colcon_core.package_identification:_identify(.) by extensions ['cmake', 'python']
[1.337s] Level 1:colcon.colcon_core.package_identification:_identify(.) by extension 'cmake'
[1.337s] Level 1:colcon.colcon_core.package_identification:_identify(.) by extension 'python'
[1.338s] Level 1:colcon.colcon_core.package_identification:_identify(.) by extensions ['python_setup_py']
[1.338s] Level 1:colcon.colcon_core.package_identification:_identify(.) by extension 'python_setup_py'
[1.339s] Level 1:colcon.colcon_core.package_identification:_identify(build) by extensions ['ignore', 'ignore_ament_install']
[1.339s] Level 1:colcon.colcon_core.package_identification:_identify(build) by extension 'ignore'
[1.339s] Level 1:colcon.colcon_core.package_identification:_identify(build) ignored
[1.340s] Level 1:colcon.colcon_core.package_identification:_identify(install) by extensions ['ignore', 'ignore_ament_install']
[1.341s] Level 1:colcon.colcon_core.package_identification:_identify(install) by extension 'ignore'
[1.341s] Level 1:colcon.colcon_core.package_identification:_identify(install) ignored
[1.342s] Level 1:colcon.colcon_core.package_identification:_identify(log) by extensions ['ignore', 'ignore_ament_install']
[1.342s] Level 1:colcon.colcon_core.package_identification:_identify(log) by extension 'ignore'
[1.342s] Level 1:colcon.colcon_core.package_identification:_identify(log) ignored
[1.343s] Level 1:colcon.colcon_core.package_identification:_identify(src) by extensions ['ignore', 'ignore_ament_install']
[1.343s] Level 1:colcon.colcon_core.package_identification:_identify(src) by extension 'ignore'
[1.344s] Level 1:colcon.colcon_core.package_identification:_identify(src) by extension 'ignore_ament_install'
[1.344s] Level 1:colcon.colcon_core.package_identification:_identify(src) by extensions ['colcon_pkg']
[1.344s] Level 1:colcon.colcon_core.package_identification:_identify(src) by extension 'colcon_pkg'
[1.344s] Level 1:colcon.colcon_core.package_identification:_identify(src) by extensions ['colcon_meta']
[1.345s] Level 1:colcon.colcon_core.package_identification:_identify(src) by extension 'colcon_meta'
[1.345s] Level 1:colcon.colcon_core.package_identification:_identify(src) by extensions ['ros']
[1.345s] Level 1:colcon.colcon_core.package_identification:_identify(src) by extension 'ros'
[1.345s] Level 1:colcon.colcon_core.package_identification:_identify(src) by extensions ['cmake', 'python']
[1.346s] Level 1:colcon.colcon_core.package_identification:_identify(src) by extension 'cmake'
[1.346s] Level 1:colcon.colcon_core.package_identification:_identify(src) by extension 'python'
[1.346s] Level 1:colcon.colcon_core.package_identification:_identify(src) by extensions ['python_setup_py']
[1.346s] Level 1:colcon.colcon_core.package_identification:_identify(src) by extension 'python_setup_py'
[1.347s] Level 1:colcon.colcon_core.package_identification:_identify(src/ros2_mongodb_subscriber) by extensions ['ignore', 'ignore_ament_install']
[1.347s] Level 1:colcon.colcon_core.package_identification:_identify(src/ros2_mongodb_subscriber) by extension 'ignore'
[1.348s] Level 1:colcon.colcon_core.package_identification:_identify(src/ros2_mongodb_subscriber) by extension 'ignore_ament_install'
[1.348s] Level 1:colcon.colcon_core.package_identification:_identify(src/ros2_mongodb_subscriber) by extensions ['colcon_pkg']
[1.348s] Level 1:colcon.colcon_core.package_identification:_identify(src/ros2_mongodb_subscriber) by extension 'colcon_pkg'
[1.348s] Level 1:colcon.colcon_core.package_identification:_identify(src/ros2_mongodb_subscriber) by extensions ['colcon_meta']
[1.348s] Level 1:colcon.colcon_core.package_identification:_identify(src/ros2_mongodb_subscriber) by extension 'colcon_meta'
[1.349s] Level 1:colcon.colcon_core.package_identification:_identify(src/ros2_mongodb_subscriber) by extensions ['ros']
[1.349s] Level 1:colcon.colcon_core.package_identification:_identify(src/ros2_mongodb_subscriber) by extension 'ros'
[1.357s] DEBUG:colcon.colcon_core.package_identification:Package 'src/ros2_mongodb_subscriber' with type 'ros.ament_python' and name 'ros2_mongodb_subscriber'
[1.358s] Level 1:colcon.colcon_core.package_discovery:discover_packages(recursive) using defaults
[1.358s] Level 1:colcon.colcon_core.package_discovery:discover_packages(ignore) discover
[1.358s] Level 1:colcon.colcon_core.package_discovery:discover_packages(ignore) using defaults
[1.358s] Level 1:colcon.colcon_core.package_discovery:discover_packages(path) discover
[1.358s] Level 1:colcon.colcon_core.package_discovery:discover_packages(path) using defaults
[1.435s] Level 1:colcon.colcon_core.package_discovery:discover_packages(prefix_path) check parameters
[1.435s] Level 1:colcon.colcon_core.package_discovery:discover_packages(prefix_path) discover
[1.443s] DEBUG:colcon.colcon_installed_package_information.package_discovery:Found 1 installed packages in /home/pi/other_ws/ws1/ros2_mongodb_bridge/install
[1.452s] DEBUG:colcon.colcon_installed_package_information.package_discovery:Found 270 installed packages in /opt/ros/humble
[1.500s] Level 1:colcon.colcon_core.package_discovery:discover_packages(prefix_path) using defaults
[1.664s] Level 5:colcon.colcon_core.verb:set package 'ros2_mongodb_subscriber' build argument 'cmake_args' from command line to 'None'
[1.664s] Level 5:colcon.colcon_core.verb:set package 'ros2_mongodb_subscriber' build argument 'cmake_target' from command line to 'None'
[1.664s] Level 5:colcon.colcon_core.verb:set package 'ros2_mongodb_subscriber' build argument 'cmake_target_skip_unavailable' from command line to 'False'
[1.664s] Level 5:colcon.colcon_core.verb:set package 'ros2_mongodb_subscriber' build argument 'cmake_clean_cache' from command line to 'False'
[1.665s] Level 5:colcon.colcon_core.verb:set package 'ros2_mongodb_subscriber' build argument 'cmake_clean_first' from command line to 'False'
[1.665s] Level 5:colcon.colcon_core.verb:set package 'ros2_mongodb_subscriber' build argument 'cmake_force_configure' from command line to 'False'
[1.665s] Level 5:colcon.colcon_core.verb:set package 'ros2_mongodb_subscriber' build argument 'ament_cmake_args' from command line to 'None'
[1.665s] Level 5:colcon.colcon_core.verb:set package 'ros2_mongodb_subscriber' build argument 'catkin_cmake_args' from command line to 'None'
[1.665s] Level 5:colcon.colcon_core.verb:set package 'ros2_mongodb_subscriber' build argument 'catkin_skip_building_tests' from command line to 'False'
[1.665s] DEBUG:colcon.colcon_core.verb:Building package 'ros2_mongodb_subscriber' with the following arguments: {'ament_cmake_args': None, 'build_base': '/home/pi/other_ws/ws1/ros2_mongodb_bridge/build/ros2_mongodb_subscriber', 'catkin_cmake_args': None, 'catkin_skip_building_tests': False, 'cmake_args': None, 'cmake_clean_cache': False, 'cmake_clean_first': False, 'cmake_force_configure': False, 'cmake_target': None, 'cmake_target_skip_unavailable': False, 'install_base': '/home/pi/other_ws/ws1/ros2_mongodb_bridge/install/ros2_mongodb_subscriber', 'merge_install': False, 'path': '/home/pi/other_ws/ws1/ros2_mongodb_bridge/src/ros2_mongodb_subscriber', 'symlink_install': False, 'test_result_base': None}
[1.666s] INFO:colcon.colcon_core.executor:Executing jobs using 'parallel' executor
[1.669s] DEBUG:colcon.colcon_parallel_executor.executor.parallel:run_until_complete
[1.671s] INFO:colcon.colcon_ros.task.ament_python.build:Building ROS package in '/home/pi/other_ws/ws1/ros2_mongodb_bridge/src/ros2_mongodb_subscriber' with build type 'ament_python'
[1.672s] Level 1:colcon.colcon_core.shell:create_environment_hook('ros2_mongodb_subscriber', 'ament_prefix_path')
[1.681s] INFO:colcon.colcon_core.plugin_system:Skipping extension 'colcon_core.shell.bat': Not used on non-Windows systems
[1.682s] INFO:colcon.colcon_core.shell:Creating environment hook '/home/pi/other_ws/ws1/ros2_mongodb_bridge/install/ros2_mongodb_subscriber/share/ros2_mongodb_subscriber/hook/ament_prefix_path.ps1'
[1.685s] INFO:colcon.colcon_core.shell:Creating environment descriptor '/home/pi/other_ws/ws1/ros2_mongodb_bridge/install/ros2_mongodb_subscriber/share/ros2_mongodb_subscriber/hook/ament_prefix_path.dsv'
[1.688s] INFO:colcon.colcon_core.shell:Creating environment hook '/home/pi/other_ws/ws1/ros2_mongodb_bridge/install/ros2_mongodb_subscriber/share/ros2_mongodb_subscriber/hook/ament_prefix_path.sh'
[1.691s] INFO:colcon.colcon_core.shell:Skip shell extension 'powershell' for command environment: Not usable outside of PowerShell
[1.692s] DEBUG:colcon.colcon_core.shell:Skip shell extension 'dsv' for command environment
[2.930s] INFO:colcon.colcon_core.task.python.build:Building Python package in '/home/pi/other_ws/ws1/ros2_mongodb_bridge/src/ros2_mongodb_subscriber'
[2.931s] INFO:colcon.colcon_core.shell:Skip shell extension 'powershell' for command environment: Not usable outside of PowerShell
[2.931s] DEBUG:colcon.colcon_core.shell:Skip shell extension 'dsv' for command environment
[4.617s] DEBUG:colcon.colcon_core.event_handler.log_command:Invoking command in '/home/pi/other_ws/ws1/ros2_mongodb_bridge/src/ros2_mongodb_subscriber': PYTHONPATH=/home/pi/other_ws/ws1/ros2_mongodb_bridge/build/ros2_mongodb_subscriber/prefix_override:/home/pi/other_ws/ws1/ros2_mongodb_bridge/install/ros2_mongodb_subscriber/lib/python3.10/site-packages:${PYTHONPATH} /usr/bin/python3 -W ignore:setup.py install is deprecated setup.py egg_info --egg-base ../../build/ros2_mongodb_subscriber build --build-base /home/pi/other_ws/ws1/ros2_mongodb_bridge/build/ros2_mongodb_subscriber/build install --record /home/pi/other_ws/ws1/ros2_mongodb_bridge/build/ros2_mongodb_subscriber/install.log --single-version-externally-managed install_data
[6.012s] DEBUG:colcon.colcon_core.event_handler.log_command:Invoked command in '/home/pi/other_ws/ws1/ros2_mongodb_bridge/src/ros2_mongodb_subscriber' returned '0': PYTHONPATH=/home/pi/other_ws/ws1/ros2_mongodb_bridge/build/ros2_mongodb_subscriber/prefix_override:/home/pi/other_ws/ws1/ros2_mongodb_bridge/install/ros2_mongodb_subscriber/lib/python3.10/site-packages:${PYTHONPATH} /usr/bin/python3 -W ignore:setup.py install is deprecated setup.py egg_info --egg-base ../../build/ros2_mongodb_subscriber build --build-base /home/pi/other_ws/ws1/ros2_mongodb_bridge/build/ros2_mongodb_subscriber/build install --record /home/pi/other_ws/ws1/ros2_mongodb_bridge/build/ros2_mongodb_subscriber/install.log --single-version-externally-managed install_data
[6.023s] Level 1:colcon.colcon_core.environment:checking '/home/pi/other_ws/ws1/ros2_mongodb_bridge/install/ros2_mongodb_subscriber' for CMake module files
[6.025s] Level 1:colcon.colcon_core.environment:checking '/home/pi/other_ws/ws1/ros2_mongodb_bridge/install/ros2_mongodb_subscriber' for CMake config files
[6.029s] Level 1:colcon.colcon_core.environment:checking '/home/pi/other_ws/ws1/ros2_mongodb_bridge/install/ros2_mongodb_subscriber/lib'
[6.030s] Level 1:colcon.colcon_core.environment:checking '/home/pi/other_ws/ws1/ros2_mongodb_bridge/install/ros2_mongodb_subscriber/bin'
[6.031s] Level 1:colcon.colcon_core.environment:checking '/home/pi/other_ws/ws1/ros2_mongodb_bridge/install/ros2_mongodb_subscriber/lib/pkgconfig/ros2_mongodb_subscriber.pc'
[6.033s] Level 1:colcon.colcon_core.environment:checking '/home/pi/other_ws/ws1/ros2_mongodb_bridge/install/ros2_mongodb_subscriber/lib/python3.10/site-packages'
[6.033s] Level 1:colcon.colcon_core.shell:create_environment_hook('ros2_mongodb_subscriber', 'pythonpath')
[6.035s] INFO:colcon.colcon_core.shell:Creating environment hook '/home/pi/other_ws/ws1/ros2_mongodb_bridge/install/ros2_mongodb_subscriber/share/ros2_mongodb_subscriber/hook/pythonpath.ps1'
[6.037s] INFO:colcon.colcon_core.shell:Creating environment descriptor '/home/pi/other_ws/ws1/ros2_mongodb_bridge/install/ros2_mongodb_subscriber/share/ros2_mongodb_subscriber/hook/pythonpath.dsv'
[6.039s] INFO:colcon.colcon_core.shell:Creating environment hook '/home/pi/other_ws/ws1/ros2_mongodb_bridge/install/ros2_mongodb_subscriber/share/ros2_mongodb_subscriber/hook/pythonpath.sh'
[6.042s] Level 1:colcon.colcon_core.environment:checking '/home/pi/other_ws/ws1/ros2_mongodb_bridge/install/ros2_mongodb_subscriber/bin'
[6.043s] Level 1:colcon.colcon_core.environment:create_environment_scripts_only(ros2_mongodb_subscriber)
[6.044s] INFO:colcon.colcon_core.shell:Creating package script '/home/pi/other_ws/ws1/ros2_mongodb_bridge/install/ros2_mongodb_subscriber/share/ros2_mongodb_subscriber/package.ps1'
[6.048s] INFO:colcon.colcon_core.shell:Creating package descriptor '/home/pi/other_ws/ws1/ros2_mongodb_bridge/install/ros2_mongodb_subscriber/share/ros2_mongodb_subscriber/package.dsv'
[6.051s] INFO:colcon.colcon_core.shell:Creating package script '/home/pi/other_ws/ws1/ros2_mongodb_bridge/install/ros2_mongodb_subscriber/share/ros2_mongodb_subscriber/package.sh'
[6.055s] INFO:colcon.colcon_core.shell:Creating package script '/home/pi/other_ws/ws1/ros2_mongodb_bridge/install/ros2_mongodb_subscriber/share/ros2_mongodb_subscriber/package.bash'
[6.059s] INFO:colcon.colcon_core.shell:Creating package script '/home/pi/other_ws/ws1/ros2_mongodb_bridge/install/ros2_mongodb_subscriber/share/ros2_mongodb_subscriber/package.zsh'
[6.062s] Level 1:colcon.colcon_core.environment:create_file_with_runtime_dependencies(/home/pi/other_ws/ws1/ros2_mongodb_bridge/install/ros2_mongodb_subscriber/share/colcon-core/packages/ros2_mongodb_subscriber)
[6.064s] DEBUG:colcon.colcon_parallel_executor.executor.parallel:closing loop
[6.065s] DEBUG:colcon.colcon_parallel_executor.executor.parallel:loop closed
[6.067s] DEBUG:colcon.colcon_parallel_executor.executor.parallel:run_until_complete finished with '0'
[6.068s] DEBUG:colcon.colcon_core.event_reactor:joining thread
[6.089s] INFO:colcon.colcon_core.plugin_system:Skipping extension 'colcon_notification.desktop_notification.notify_send': Could not find 'notify-send'
[6.089s] INFO:colcon.colcon_core.plugin_system:Skipping extension 'colcon_notification.desktop_notification.terminal_notifier': Not used on non-Darwin systems
[6.090s] INFO:colcon.colcon_core.plugin_system:Skipping extension 'colcon_notification.desktop_notification.win32': Not used on non-Windows systems
[6.090s] INFO:colcon.colcon_notification.desktop_notification:Sending desktop notification using 'notify2'
[6.093s] DEBUG:colcon.colcon_notification.desktop_notification.notify2:Failed to initialize notify2: org.freedesktop.DBus.Error.ServiceUnknown: The name org.freedesktop.Notifications was not provided by any .service files
[6.093s] DEBUG:colcon.colcon_core.event_reactor:joined thread
[6.095s] INFO:colcon.colcon_core.shell:Creating prefix script '/home/pi/other_ws/ws1/ros2_mongodb_bridge/install/local_setup.ps1'
[6.099s] INFO:colcon.colcon_core.shell:Creating prefix util module '/home/pi/other_ws/ws1/ros2_mongodb_bridge/install/_local_setup_util_ps1.py'
[6.105s] INFO:colcon.colcon_core.shell:Creating prefix chain script '/home/pi/other_ws/ws1/ros2_mongodb_bridge/install/setup.ps1'
[6.110s] INFO:colcon.colcon_core.shell:Creating prefix script '/home/pi/other_ws/ws1/ros2_mongodb_bridge/install/local_setup.sh'
[6.112s] INFO:colcon.colcon_core.shell:Creating prefix util module '/home/pi/other_ws/ws1/ros2_mongodb_bridge/install/_local_setup_util_sh.py'
[6.115s] INFO:colcon.colcon_core.shell:Creating prefix chain script '/home/pi/other_ws/ws1/ros2_mongodb_bridge/install/setup.sh'
[6.120s] INFO:colcon.colcon_core.shell:Creating prefix script '/home/pi/other_ws/ws1/ros2_mongodb_bridge/install/local_setup.bash'
[6.122s] INFO:colcon.colcon_core.shell:Creating prefix chain script '/home/pi/other_ws/ws1/ros2_mongodb_bridge/install/setup.bash'
[6.128s] INFO:colcon.colcon_core.shell:Creating prefix script '/home/pi/other_ws/ws1/ros2_mongodb_bridge/install/local_setup.zsh'
[6.131s] INFO:colcon.colcon_core.shell:Creating prefix chain script '/home/pi/other_ws/ws1/ros2_mongodb_bridge/install/setup.zsh'
