[0.426s] DEBUG:colcon:Command line arguments: ['/usr/bin/colcon', 'build']
[0.427s] DEBUG:colcon:Parsed command line arguments: Namespace(log_base=None, log_level=None, verb_name='build', build_base='build', install_base='install', merge_install=False, symlink_install=False, test_result_base=None, continue_on_error=False, executor='parallel', parallel_workers=4, event_handlers=None, ignore_user_meta=False, metas=['./colcon.meta'], base_paths=['.'], packages_ignore=None, packages_ignore_regex=None, paths=None, packages_up_to=None, packages_up_to_regex=None, packages_above=None, packages_above_and_dependencies=None, packages_above_depth=None, packages_select_by_dep=None, packages_skip_by_dep=None, packages_skip_up_to=None, packages_select_build_failed=False, packages_skip_build_finished=False, packages_select_test_failures=False, packages_skip_test_passed=False, packages_select=None, packages_skip=None, packages_select_regex=None, packages_skip_regex=None, packages_start=None, packages_end=None, allow_overriding=[], cmake_args=None, cmake_target=None, cmake_target_skip_unavailable=False, cmake_clean_cache=False, cmake_clean_first=False, cmake_force_configure=False, ament_cmake_args=None, catkin_cmake_args=None, catkin_skip_building_tests=False, verb_parser=<colcon_defaults.argument_parser.defaults.DefaultArgumentsDecorator object at 0xffff9cb10dc0>, verb_extension=<colcon_core.verb.build.BuildVerb object at 0xffff9cc51990>, main=<bound method BuildVerb.main of <colcon_core.verb.build.BuildVerb object at 0xffff9cc51990>>)
[1.245s] Level 1:colcon.colcon_core.package_discovery:discover_packages(colcon_meta) check parameters
[1.245s] Level 1:colcon.colcon_core.package_discovery:discover_packages(recursive) check parameters
[1.246s] Level 1:colcon.colcon_core.package_discovery:discover_packages(ignore) check parameters
[1.246s] Level 1:colcon.colcon_core.package_discovery:discover_packages(path) check parameters
[1.246s] Level 1:colcon.colcon_core.package_discovery:discover_packages(colcon_meta) discover
[1.246s] Level 1:colcon.colcon_core.package_discovery:discover_packages(recursive) discover
[1.246s] INFO:colcon.colcon_core.package_discovery:Crawling recursively for packages in '/home/pi/other_ws/ws1/ros2_mongodb_bridge'
[1.247s] Level 1:colcon.colcon_core.package_identification:_identify(.) by extensions ['ignore', 'ignore_ament_install']
[1.247s] Level 1:colcon.colcon_core.package_identification:_identify(.) by extension 'ignore'
[1.247s] Level 1:colcon.colcon_core.package_identification:_identify(.) by extension 'ignore_ament_install'
[1.248s] Level 1:colcon.colcon_core.package_identification:_identify(.) by extensions ['colcon_pkg']
[1.248s] Level 1:colcon.colcon_core.package_identification:_identify(.) by extension 'colcon_pkg'
[1.248s] Level 1:colcon.colcon_core.package_identification:_identify(.) by extensions ['colcon_meta']
[1.248s] Level 1:colcon.colcon_core.package_identification:_identify(.) by extension 'colcon_meta'
[1.248s] Level 1:colcon.colcon_core.package_identification:_identify(.) by extensions ['ros']
[1.248s] Level 1:colcon.colcon_core.package_identification:_identify(.) by extension 'ros'
[1.295s] Level 1:colcon.colcon_core.package_identification:_identify(.) by extensions ['cmake', 'python']
[1.295s] Level 1:colcon.colcon_core.package_identification:_identify(.) by extension 'cmake'
[1.295s] Level 1:colcon.colcon_core.package_identification:_identify(.) by extension 'python'
[1.295s] Level 1:colcon.colcon_core.package_identification:_identify(.) by extensions ['python_setup_py']
[1.295s] Level 1:colcon.colcon_core.package_identification:_identify(.) by extension 'python_setup_py'
[1.296s] Level 1:colcon.colcon_core.package_identification:_identify(build) by extensions ['ignore', 'ignore_ament_install']
[1.296s] Level 1:colcon.colcon_core.package_identification:_identify(build) by extension 'ignore'
[1.297s] Level 1:colcon.colcon_core.package_identification:_identify(build) ignored
[1.297s] Level 1:colcon.colcon_core.package_identification:_identify(install) by extensions ['ignore', 'ignore_ament_install']
[1.298s] Level 1:colcon.colcon_core.package_identification:_identify(install) by extension 'ignore'
[1.298s] Level 1:colcon.colcon_core.package_identification:_identify(install) ignored
[1.298s] Level 1:colcon.colcon_core.package_identification:_identify(log) by extensions ['ignore', 'ignore_ament_install']
[1.299s] Level 1:colcon.colcon_core.package_identification:_identify(log) by extension 'ignore'
[1.299s] Level 1:colcon.colcon_core.package_identification:_identify(log) ignored
[1.299s] Level 1:colcon.colcon_core.package_identification:_identify(src) by extensions ['ignore', 'ignore_ament_install']
[1.299s] Level 1:colcon.colcon_core.package_identification:_identify(src) by extension 'ignore'
[1.300s] Level 1:colcon.colcon_core.package_identification:_identify(src) by extension 'ignore_ament_install'
[1.300s] Level 1:colcon.colcon_core.package_identification:_identify(src) by extensions ['colcon_pkg']
[1.300s] Level 1:colcon.colcon_core.package_identification:_identify(src) by extension 'colcon_pkg'
[1.300s] Level 1:colcon.colcon_core.package_identification:_identify(src) by extensions ['colcon_meta']
[1.300s] Level 1:colcon.colcon_core.package_identification:_identify(src) by extension 'colcon_meta'
[1.300s] Level 1:colcon.colcon_core.package_identification:_identify(src) by extensions ['ros']
[1.301s] Level 1:colcon.colcon_core.package_identification:_identify(src) by extension 'ros'
[1.301s] Level 1:colcon.colcon_core.package_identification:_identify(src) by extensions ['cmake', 'python']
[1.301s] Level 1:colcon.colcon_core.package_identification:_identify(src) by extension 'cmake'
[1.301s] Level 1:colcon.colcon_core.package_identification:_identify(src) by extension 'python'
[1.301s] Level 1:colcon.colcon_core.package_identification:_identify(src) by extensions ['python_setup_py']
[1.301s] Level 1:colcon.colcon_core.package_identification:_identify(src) by extension 'python_setup_py'
[1.302s] Level 1:colcon.colcon_core.package_identification:_identify(src/ros2_mongodb_subscriber) by extensions ['ignore', 'ignore_ament_install']
[1.302s] Level 1:colcon.colcon_core.package_identification:_identify(src/ros2_mongodb_subscriber) by extension 'ignore'
[1.303s] Level 1:colcon.colcon_core.package_identification:_identify(src/ros2_mongodb_subscriber) by extension 'ignore_ament_install'
[1.303s] Level 1:colcon.colcon_core.package_identification:_identify(src/ros2_mongodb_subscriber) by extensions ['colcon_pkg']
[1.303s] Level 1:colcon.colcon_core.package_identification:_identify(src/ros2_mongodb_subscriber) by extension 'colcon_pkg'
[1.303s] Level 1:colcon.colcon_core.package_identification:_identify(src/ros2_mongodb_subscriber) by extensions ['colcon_meta']
[1.303s] Level 1:colcon.colcon_core.package_identification:_identify(src/ros2_mongodb_subscriber) by extension 'colcon_meta'
[1.303s] Level 1:colcon.colcon_core.package_identification:_identify(src/ros2_mongodb_subscriber) by extensions ['ros']
[1.304s] Level 1:colcon.colcon_core.package_identification:_identify(src/ros2_mongodb_subscriber) by extension 'ros'
[1.311s] DEBUG:colcon.colcon_core.package_identification:Package 'src/ros2_mongodb_subscriber' with type 'ros.ament_python' and name 'ros2_mongodb_subscriber'
[1.312s] Level 1:colcon.colcon_core.package_discovery:discover_packages(recursive) using defaults
[1.312s] Level 1:colcon.colcon_core.package_discovery:discover_packages(ignore) discover
[1.312s] Level 1:colcon.colcon_core.package_discovery:discover_packages(ignore) using defaults
[1.312s] Level 1:colcon.colcon_core.package_discovery:discover_packages(path) discover
[1.312s] Level 1:colcon.colcon_core.package_discovery:discover_packages(path) using defaults
[1.386s] Level 1:colcon.colcon_core.package_discovery:discover_packages(prefix_path) check parameters
[1.387s] Level 1:colcon.colcon_core.package_discovery:discover_packages(prefix_path) discover
[1.394s] DEBUG:colcon.colcon_installed_package_information.package_discovery:Found 1 installed packages in /home/pi/other_ws/ws1/ros2_mongodb_bridge/install
[1.403s] DEBUG:colcon.colcon_installed_package_information.package_discovery:Found 270 installed packages in /opt/ros/humble
[1.450s] Level 1:colcon.colcon_core.package_discovery:discover_packages(prefix_path) using defaults
[1.608s] Level 5:colcon.colcon_core.verb:set package 'ros2_mongodb_subscriber' build argument 'cmake_args' from command line to 'None'
[1.608s] Level 5:colcon.colcon_core.verb:set package 'ros2_mongodb_subscriber' build argument 'cmake_target' from command line to 'None'
[1.608s] Level 5:colcon.colcon_core.verb:set package 'ros2_mongodb_subscriber' build argument 'cmake_target_skip_unavailable' from command line to 'False'
[1.609s] Level 5:colcon.colcon_core.verb:set package 'ros2_mongodb_subscriber' build argument 'cmake_clean_cache' from command line to 'False'
[1.609s] Level 5:colcon.colcon_core.verb:set package 'ros2_mongodb_subscriber' build argument 'cmake_clean_first' from command line to 'False'
[1.609s] Level 5:colcon.colcon_core.verb:set package 'ros2_mongodb_subscriber' build argument 'cmake_force_configure' from command line to 'False'
[1.609s] Level 5:colcon.colcon_core.verb:set package 'ros2_mongodb_subscriber' build argument 'ament_cmake_args' from command line to 'None'
[1.609s] Level 5:colcon.colcon_core.verb:set package 'ros2_mongodb_subscriber' build argument 'catkin_cmake_args' from command line to 'None'
[1.609s] Level 5:colcon.colcon_core.verb:set package 'ros2_mongodb_subscriber' build argument 'catkin_skip_building_tests' from command line to 'False'
[1.609s] DEBUG:colcon.colcon_core.verb:Building package 'ros2_mongodb_subscriber' with the following arguments: {'ament_cmake_args': None, 'build_base': '/home/pi/other_ws/ws1/ros2_mongodb_bridge/build/ros2_mongodb_subscriber', 'catkin_cmake_args': None, 'catkin_skip_building_tests': False, 'cmake_args': None, 'cmake_clean_cache': False, 'cmake_clean_first': False, 'cmake_force_configure': False, 'cmake_target': None, 'cmake_target_skip_unavailable': False, 'install_base': '/home/pi/other_ws/ws1/ros2_mongodb_bridge/install/ros2_mongodb_subscriber', 'merge_install': False, 'path': '/home/pi/other_ws/ws1/ros2_mongodb_bridge/src/ros2_mongodb_subscriber', 'symlink_install': False, 'test_result_base': None}
[1.610s] INFO:colcon.colcon_core.executor:Executing jobs using 'parallel' executor
[1.613s] DEBUG:colcon.colcon_parallel_executor.executor.parallel:run_until_complete
[1.614s] INFO:colcon.colcon_ros.task.ament_python.build:Building ROS package in '/home/pi/other_ws/ws1/ros2_mongodb_bridge/src/ros2_mongodb_subscriber' with build type 'ament_python'
[1.615s] Level 1:colcon.colcon_core.shell:create_environment_hook('ros2_mongodb_subscriber', 'ament_prefix_path')
[1.624s] INFO:colcon.colcon_core.plugin_system:Skipping extension 'colcon_core.shell.bat': Not used on non-Windows systems
[1.625s] INFO:colcon.colcon_core.shell:Creating environment hook '/home/pi/other_ws/ws1/ros2_mongodb_bridge/install/ros2_mongodb_subscriber/share/ros2_mongodb_subscriber/hook/ament_prefix_path.ps1'
[1.627s] INFO:colcon.colcon_core.shell:Creating environment descriptor '/home/pi/other_ws/ws1/ros2_mongodb_bridge/install/ros2_mongodb_subscriber/share/ros2_mongodb_subscriber/hook/ament_prefix_path.dsv'
[1.630s] INFO:colcon.colcon_core.shell:Creating environment hook '/home/pi/other_ws/ws1/ros2_mongodb_bridge/install/ros2_mongodb_subscriber/share/ros2_mongodb_subscriber/hook/ament_prefix_path.sh'
[1.633s] INFO:colcon.colcon_core.shell:Skip shell extension 'powershell' for command environment: Not usable outside of PowerShell
[1.634s] DEBUG:colcon.colcon_core.shell:Skip shell extension 'dsv' for command environment
[2.821s] INFO:colcon.colcon_core.task.python.build:Building Python package in '/home/pi/other_ws/ws1/ros2_mongodb_bridge/src/ros2_mongodb_subscriber'
[2.822s] INFO:colcon.colcon_core.shell:Skip shell extension 'powershell' for command environment: Not usable outside of PowerShell
[2.822s] DEBUG:colcon.colcon_core.shell:Skip shell extension 'dsv' for command environment
[4.483s] DEBUG:colcon.colcon_core.event_handler.log_command:Invoking command in '/home/pi/other_ws/ws1/ros2_mongodb_bridge/src/ros2_mongodb_subscriber': PYTHONPATH=/home/pi/other_ws/ws1/ros2_mongodb_bridge/build/ros2_mongodb_subscriber/prefix_override:/home/pi/other_ws/ws1/ros2_mongodb_bridge/install/ros2_mongodb_subscriber/lib/python3.10/site-packages:${PYTHONPATH} /usr/bin/python3 -W ignore:setup.py install is deprecated setup.py egg_info --egg-base ../../build/ros2_mongodb_subscriber build --build-base /home/pi/other_ws/ws1/ros2_mongodb_bridge/build/ros2_mongodb_subscriber/build install --record /home/pi/other_ws/ws1/ros2_mongodb_bridge/build/ros2_mongodb_subscriber/install.log --single-version-externally-managed install_data
[5.795s] DEBUG:colcon.colcon_core.event_handler.log_command:Invoked command in '/home/pi/other_ws/ws1/ros2_mongodb_bridge/src/ros2_mongodb_subscriber' returned '0': PYTHONPATH=/home/pi/other_ws/ws1/ros2_mongodb_bridge/build/ros2_mongodb_subscriber/prefix_override:/home/pi/other_ws/ws1/ros2_mongodb_bridge/install/ros2_mongodb_subscriber/lib/python3.10/site-packages:${PYTHONPATH} /usr/bin/python3 -W ignore:setup.py install is deprecated setup.py egg_info --egg-base ../../build/ros2_mongodb_subscriber build --build-base /home/pi/other_ws/ws1/ros2_mongodb_bridge/build/ros2_mongodb_subscriber/build install --record /home/pi/other_ws/ws1/ros2_mongodb_bridge/build/ros2_mongodb_subscriber/install.log --single-version-externally-managed install_data
[5.804s] Level 1:colcon.colcon_core.environment:checking '/home/pi/other_ws/ws1/ros2_mongodb_bridge/install/ros2_mongodb_subscriber' for CMake module files
[5.807s] Level 1:colcon.colcon_core.environment:checking '/home/pi/other_ws/ws1/ros2_mongodb_bridge/install/ros2_mongodb_subscriber' for CMake config files
[5.811s] Level 1:colcon.colcon_core.environment:checking '/home/pi/other_ws/ws1/ros2_mongodb_bridge/install/ros2_mongodb_subscriber/lib'
[5.812s] Level 1:colcon.colcon_core.environment:checking '/home/pi/other_ws/ws1/ros2_mongodb_bridge/install/ros2_mongodb_subscriber/bin'
[5.813s] Level 1:colcon.colcon_core.environment:checking '/home/pi/other_ws/ws1/ros2_mongodb_bridge/install/ros2_mongodb_subscriber/lib/pkgconfig/ros2_mongodb_subscriber.pc'
[5.813s] Level 1:colcon.colcon_core.environment:checking '/home/pi/other_ws/ws1/ros2_mongodb_bridge/install/ros2_mongodb_subscriber/lib/python3.10/site-packages'
[5.814s] Level 1:colcon.colcon_core.shell:create_environment_hook('ros2_mongodb_subscriber', 'pythonpath')
[5.815s] INFO:colcon.colcon_core.shell:Creating environment hook '/home/pi/other_ws/ws1/ros2_mongodb_bridge/install/ros2_mongodb_subscriber/share/ros2_mongodb_subscriber/hook/pythonpath.ps1'
[5.817s] INFO:colcon.colcon_core.shell:Creating environment descriptor '/home/pi/other_ws/ws1/ros2_mongodb_bridge/install/ros2_mongodb_subscriber/share/ros2_mongodb_subscriber/hook/pythonpath.dsv'
[5.819s] INFO:colcon.colcon_core.shell:Creating environment hook '/home/pi/other_ws/ws1/ros2_mongodb_bridge/install/ros2_mongodb_subscriber/share/ros2_mongodb_subscriber/hook/pythonpath.sh'
[5.822s] Level 1:colcon.colcon_core.environment:checking '/home/pi/other_ws/ws1/ros2_mongodb_bridge/install/ros2_mongodb_subscriber/bin'
[5.822s] Level 1:colcon.colcon_core.environment:create_environment_scripts_only(ros2_mongodb_subscriber)
[5.824s] INFO:colcon.colcon_core.shell:Creating package script '/home/pi/other_ws/ws1/ros2_mongodb_bridge/install/ros2_mongodb_subscriber/share/ros2_mongodb_subscriber/package.ps1'
[5.828s] INFO:colcon.colcon_core.shell:Creating package descriptor '/home/pi/other_ws/ws1/ros2_mongodb_bridge/install/ros2_mongodb_subscriber/share/ros2_mongodb_subscriber/package.dsv'
[5.830s] INFO:colcon.colcon_core.shell:Creating package script '/home/pi/other_ws/ws1/ros2_mongodb_bridge/install/ros2_mongodb_subscriber/share/ros2_mongodb_subscriber/package.sh'
[5.833s] INFO:colcon.colcon_core.shell:Creating package script '/home/pi/other_ws/ws1/ros2_mongodb_bridge/install/ros2_mongodb_subscriber/share/ros2_mongodb_subscriber/package.bash'
[5.836s] INFO:colcon.colcon_core.shell:Creating package script '/home/pi/other_ws/ws1/ros2_mongodb_bridge/install/ros2_mongodb_subscriber/share/ros2_mongodb_subscriber/package.zsh'
[5.839s] Level 1:colcon.colcon_core.environment:create_file_with_runtime_dependencies(/home/pi/other_ws/ws1/ros2_mongodb_bridge/install/ros2_mongodb_subscriber/share/colcon-core/packages/ros2_mongodb_subscriber)
[5.841s] DEBUG:colcon.colcon_parallel_executor.executor.parallel:closing loop
[5.842s] DEBUG:colcon.colcon_parallel_executor.executor.parallel:loop closed
[5.843s] DEBUG:colcon.colcon_parallel_executor.executor.parallel:run_until_complete finished with '0'
[5.843s] DEBUG:colcon.colcon_core.event_reactor:joining thread
[5.863s] INFO:colcon.colcon_core.plugin_system:Skipping extension 'colcon_notification.desktop_notification.notify_send': Could not find 'notify-send'
[5.863s] INFO:colcon.colcon_core.plugin_system:Skipping extension 'colcon_notification.desktop_notification.terminal_notifier': Not used on non-Darwin systems
[5.864s] INFO:colcon.colcon_core.plugin_system:Skipping extension 'colcon_notification.desktop_notification.win32': Not used on non-Windows systems
[5.864s] INFO:colcon.colcon_notification.desktop_notification:Sending desktop notification using 'notify2'
[5.867s] DEBUG:colcon.colcon_notification.desktop_notification.notify2:Failed to initialize notify2: org.freedesktop.DBus.Error.ServiceUnknown: The name org.freedesktop.Notifications was not provided by any .service files
[5.867s] DEBUG:colcon.colcon_core.event_reactor:joined thread
[5.868s] INFO:colcon.colcon_core.shell:Creating prefix script '/home/pi/other_ws/ws1/ros2_mongodb_bridge/install/local_setup.ps1'
[5.872s] INFO:colcon.colcon_core.shell:Creating prefix util module '/home/pi/other_ws/ws1/ros2_mongodb_bridge/install/_local_setup_util_ps1.py'
[5.878s] INFO:colcon.colcon_core.shell:Creating prefix chain script '/home/pi/other_ws/ws1/ros2_mongodb_bridge/install/setup.ps1'
[5.882s] INFO:colcon.colcon_core.shell:Creating prefix script '/home/pi/other_ws/ws1/ros2_mongodb_bridge/install/local_setup.sh'
[5.885s] INFO:colcon.colcon_core.shell:Creating prefix util module '/home/pi/other_ws/ws1/ros2_mongodb_bridge/install/_local_setup_util_sh.py'
[5.887s] INFO:colcon.colcon_core.shell:Creating prefix chain script '/home/pi/other_ws/ws1/ros2_mongodb_bridge/install/setup.sh'
[5.892s] INFO:colcon.colcon_core.shell:Creating prefix script '/home/pi/other_ws/ws1/ros2_mongodb_bridge/install/local_setup.bash'
[5.894s] INFO:colcon.colcon_core.shell:Creating prefix chain script '/home/pi/other_ws/ws1/ros2_mongodb_bridge/install/setup.bash'
[5.900s] INFO:colcon.colcon_core.shell:Creating prefix script '/home/pi/other_ws/ws1/ros2_mongodb_bridge/install/local_setup.zsh'
[5.902s] INFO:colcon.colcon_core.shell:Creating prefix chain script '/home/pi/other_ws/ws1/ros2_mongodb_bridge/install/setup.zsh'
